{
  error: /Users/mac/Desktop/ahsan/SkillSync-backend/service/templates/nodeMailerTransporter.js:1
  import nodeMailer from "nodemailer";
  ^^^^^^
  
  SyntaxError: Cannot use import statement outside a module
      at Object.compileFunction (node:vm:360:18)
      at wrapSafe (node:internal/modules/cjs/loader:1126:15)
      at Module._compile (node:internal/modules/cjs/loader:1162:27)
      at Object.Module._extensions..js (node:internal/modules/cjs/loader:1252:10)
      at Module.load (node:internal/modules/cjs/loader:1076:32)
      at Function.Module._load (node:internal/modules/cjs/loader:911:12)
      at Module.require (node:internal/modules/cjs/loader:1100:19)
      at require (node:internal/modules/cjs/helpers:119:18)
      at Object.<anonymous> (/Users/mac/Desktop/ahsan/SkillSync-backend/routes/api/userRoutes.js:11:34)
      at Module._compile (node:internal/modules/cjs/loader:1198:14)
      at Object.Module._extensions..js (node:internal/modules/cjs/loader:1252:10)
      at Module.load (node:internal/modules/cjs/loader:1076:32)
      at Function.Module._load (node:internal/modules/cjs/loader:911:12)
      at Module.require (node:internal/modules/cjs/loader:1100:19)
      at require (node:internal/modules/cjs/helpers:119:18)
      at Object.<anonymous> (/Users/mac/Desktop/ahsan/SkillSync-backend/startup/routes.js:5:15),
  level: 'error',
  message: 'uncaughtException: Cannot use import statement outside a module\n' +
    '/Users/mac/Desktop/ahsan/SkillSync-backend/service/templates/nodeMailerTransporter.js:1\n' +
    'import nodeMailer from "nodemailer";\n' +
    '^^^^^^\n' +
    '\n' +
    'SyntaxError: Cannot use import statement outside a module\n' +
    '    at Object.compileFunction (node:vm:360:18)\n' +
    '    at wrapSafe (node:internal/modules/cjs/loader:1126:15)\n' +
    '    at Module._compile (node:internal/modules/cjs/loader:1162:27)\n' +
    '    at Object.Module._extensions..js (node:internal/modules/cjs/loader:1252:10)\n' +
    '    at Module.load (node:internal/modules/cjs/loader:1076:32)\n' +
    '    at Function.Module._load (node:internal/modules/cjs/loader:911:12)\n' +
    '    at Module.require (node:internal/modules/cjs/loader:1100:19)\n' +
    '    at require (node:internal/modules/cjs/helpers:119:18)\n' +
    '    at Object.<anonymous> (/Users/mac/Desktop/ahsan/SkillSync-backend/routes/api/userRoutes.js:11:34)\n' +
    '    at Module._compile (node:internal/modules/cjs/loader:1198:14)\n' +
    '    at Object.Module._extensions..js (node:internal/modules/cjs/loader:1252:10)\n' +
    '    at Module.load (node:internal/modules/cjs/loader:1076:32)\n' +
    '    at Function.Module._load (node:internal/modules/cjs/loader:911:12)\n' +
    '    at Module.require (node:internal/modules/cjs/loader:1100:19)\n' +
    '    at require (node:internal/modules/cjs/helpers:119:18)\n' +
    '    at Object.<anonymous> (/Users/mac/Desktop/ahsan/SkillSync-backend/startup/routes.js:5:15)',
  stack: '/Users/mac/Desktop/ahsan/SkillSync-backend/service/templates/nodeMailerTransporter.js:1\n' +
    'import nodeMailer from "nodemailer";\n' +
    '^^^^^^\n' +
    '\n' +
    'SyntaxError: Cannot use import statement outside a module\n' +
    '    at Object.compileFunction (node:vm:360:18)\n' +
    '    at wrapSafe (node:internal/modules/cjs/loader:1126:15)\n' +
    '    at Module._compile (node:internal/modules/cjs/loader:1162:27)\n' +
    '    at Object.Module._extensions..js (node:internal/modules/cjs/loader:1252:10)\n' +
    '    at Module.load (node:internal/modules/cjs/loader:1076:32)\n' +
    '    at Function.Module._load (node:internal/modules/cjs/loader:911:12)\n' +
    '    at Module.require (node:internal/modules/cjs/loader:1100:19)\n' +
    '    at require (node:internal/modules/cjs/helpers:119:18)\n' +
    '    at Object.<anonymous> (/Users/mac/Desktop/ahsan/SkillSync-backend/routes/api/userRoutes.js:11:34)\n' +
    '    at Module._compile (node:internal/modules/cjs/loader:1198:14)\n' +
    '    at Object.Module._extensions..js (node:internal/modules/cjs/loader:1252:10)\n' +
    '    at Module.load (node:internal/modules/cjs/loader:1076:32)\n' +
    '    at Function.Module._load (node:internal/modules/cjs/loader:911:12)\n' +
    '    at Module.require (node:internal/modules/cjs/loader:1100:19)\n' +
    '    at require (node:internal/modules/cjs/helpers:119:18)\n' +
    '    at Object.<anonymous> (/Users/mac/Desktop/ahsan/SkillSync-backend/startup/routes.js:5:15)',
  exception: true,
  date: 'Mon Dec 11 2023 00:01:16 GMT+0500 (Pakistan Standard Time)',
  process: {
    pid: 13004,
    uid: 501,
    gid: 20,
    cwd: '/Users/mac/Desktop/ahsan/SkillSync-backend',
    execPath: '/Users/mac/.nvm/versions/node/v16.20.2/bin/node',
    version: 'v16.20.2',
    argv: [
      '/Users/mac/.nvm/versions/node/v16.20.2/bin/node',
      '/Users/mac/Desktop/ahsan/SkillSync-backend/index.js'
    ],
    memoryUsage: {
      rss: 75874304,
      heapTotal: 57483264,
      heapUsed: 31172384,
      external: 25287200,
      arrayBuffers: 18901884
    }
  },
  os: {
    loadavg: [ 4.58154296875, 4.28173828125, 4.20947265625 ],
    uptime: 42686
  },
  trace: [
    {
      column: 18,
      file: 'node:vm',
      function: 'Object.compileFunction',
      line: 360,
      method: 'compileFunction',
      native: false
    },
    {
      column: 15,
      file: 'node:internal/modules/cjs/loader',
      function: 'wrapSafe',
      line: 1126,
      method: null,
      native: false
    },
    {
      column: 27,
      file: 'node:internal/modules/cjs/loader',
      function: 'Module._compile',
      line: 1162,
      method: '_compile',
      native: false
    },
    {
      column: 10,
      file: 'node:internal/modules/cjs/loader',
      function: 'Module._extensions..js',
      line: 1252,
      method: '.js',
      native: false
    },
    {
      column: 32,
      file: 'node:internal/modules/cjs/loader',
      function: 'Module.load',
      line: 1076,
      method: 'load',
      native: false
    },
    {
      column: 12,
      file: 'node:internal/modules/cjs/loader',
      function: 'Module._load',
      line: 911,
      method: '_load',
      native: false
    },
    {
      column: 19,
      file: 'node:internal/modules/cjs/loader',
      function: 'Module.require',
      line: 1100,
      method: 'require',
      native: false
    },
    {
      column: 18,
      file: 'node:internal/modules/cjs/helpers',
      function: 'require',
      line: 119,
      method: null,
      native: false
    },
    {
      column: 34,
      file: '/Users/mac/Desktop/ahsan/SkillSync-backend/routes/api/userRoutes.js',
      function: null,
      line: 11,
      method: null,
      native: false
    },
    {
      column: 14,
      file: 'node:internal/modules/cjs/loader',
      function: 'Module._compile',
      line: 1198,
      method: '_compile',
      native: false
    },
    {
      column: 10,
      file: 'node:internal/modules/cjs/loader',
      function: 'Module._extensions..js',
      line: 1252,
      method: '.js',
      native: false
    },
    {
      column: 32,
      file: 'node:internal/modules/cjs/loader',
      function: 'Module.load',
      line: 1076,
      method: 'load',
      native: false
    },
    {
      column: 12,
      file: 'node:internal/modules/cjs/loader',
      function: 'Module._load',
      line: 911,
      method: '_load',
      native: false
    },
    {
      column: 19,
      file: 'node:internal/modules/cjs/loader',
      function: 'Module.require',
      line: 1100,
      method: 'require',
      native: false
    },
    {
      column: 18,
      file: 'node:internal/modules/cjs/helpers',
      function: 'require',
      line: 119,
      method: null,
      native: false
    },
    {
      column: 15,
      file: '/Users/mac/Desktop/ahsan/SkillSync-backend/startup/routes.js',
      function: null,
      line: 5,
      method: null,
      native: false
    }
  ]
}
{
  error: /Users/mac/Desktop/ahsan/SkillSync-backend/service/templates/nodeMailerTransporter.js:1
  import nodeMailer from "nodemailer";
  ^^^^^^
  
  SyntaxError: Cannot use import statement outside a module
      at Object.compileFunction (node:vm:360:18)
      at wrapSafe (node:internal/modules/cjs/loader:1126:15)
      at Module._compile (node:internal/modules/cjs/loader:1162:27)
      at Object.Module._extensions..js (node:internal/modules/cjs/loader:1252:10)
      at Module.load (node:internal/modules/cjs/loader:1076:32)
      at Function.Module._load (node:internal/modules/cjs/loader:911:12)
      at Module.require (node:internal/modules/cjs/loader:1100:19)
      at require (node:internal/modules/cjs/helpers:119:18)
      at Object.<anonymous> (/Users/mac/Desktop/ahsan/SkillSync-backend/routes/api/userRoutes.js:11:34)
      at Module._compile (node:internal/modules/cjs/loader:1198:14)
      at Object.Module._extensions..js (node:internal/modules/cjs/loader:1252:10)
      at Module.load (node:internal/modules/cjs/loader:1076:32)
      at Function.Module._load (node:internal/modules/cjs/loader:911:12)
      at Module.require (node:internal/modules/cjs/loader:1100:19)
      at require (node:internal/modules/cjs/helpers:119:18)
      at Object.<anonymous> (/Users/mac/Desktop/ahsan/SkillSync-backend/startup/routes.js:5:15),
  level: 'error',
  message: 'uncaughtException: Cannot use import statement outside a module\n' +
    '/Users/mac/Desktop/ahsan/SkillSync-backend/service/templates/nodeMailerTransporter.js:1\n' +
    'import nodeMailer from "nodemailer";\n' +
    '^^^^^^\n' +
    '\n' +
    'SyntaxError: Cannot use import statement outside a module\n' +
    '    at Object.compileFunction (node:vm:360:18)\n' +
    '    at wrapSafe (node:internal/modules/cjs/loader:1126:15)\n' +
    '    at Module._compile (node:internal/modules/cjs/loader:1162:27)\n' +
    '    at Object.Module._extensions..js (node:internal/modules/cjs/loader:1252:10)\n' +
    '    at Module.load (node:internal/modules/cjs/loader:1076:32)\n' +
    '    at Function.Module._load (node:internal/modules/cjs/loader:911:12)\n' +
    '    at Module.require (node:internal/modules/cjs/loader:1100:19)\n' +
    '    at require (node:internal/modules/cjs/helpers:119:18)\n' +
    '    at Object.<anonymous> (/Users/mac/Desktop/ahsan/SkillSync-backend/routes/api/userRoutes.js:11:34)\n' +
    '    at Module._compile (node:internal/modules/cjs/loader:1198:14)\n' +
    '    at Object.Module._extensions..js (node:internal/modules/cjs/loader:1252:10)\n' +
    '    at Module.load (node:internal/modules/cjs/loader:1076:32)\n' +
    '    at Function.Module._load (node:internal/modules/cjs/loader:911:12)\n' +
    '    at Module.require (node:internal/modules/cjs/loader:1100:19)\n' +
    '    at require (node:internal/modules/cjs/helpers:119:18)\n' +
    '    at Object.<anonymous> (/Users/mac/Desktop/ahsan/SkillSync-backend/startup/routes.js:5:15)',
  stack: '/Users/mac/Desktop/ahsan/SkillSync-backend/service/templates/nodeMailerTransporter.js:1\n' +
    'import nodeMailer from "nodemailer";\n' +
    '^^^^^^\n' +
    '\n' +
    'SyntaxError: Cannot use import statement outside a module\n' +
    '    at Object.compileFunction (node:vm:360:18)\n' +
    '    at wrapSafe (node:internal/modules/cjs/loader:1126:15)\n' +
    '    at Module._compile (node:internal/modules/cjs/loader:1162:27)\n' +
    '    at Object.Module._extensions..js (node:internal/modules/cjs/loader:1252:10)\n' +
    '    at Module.load (node:internal/modules/cjs/loader:1076:32)\n' +
    '    at Function.Module._load (node:internal/modules/cjs/loader:911:12)\n' +
    '    at Module.require (node:internal/modules/cjs/loader:1100:19)\n' +
    '    at require (node:internal/modules/cjs/helpers:119:18)\n' +
    '    at Object.<anonymous> (/Users/mac/Desktop/ahsan/SkillSync-backend/routes/api/userRoutes.js:11:34)\n' +
    '    at Module._compile (node:internal/modules/cjs/loader:1198:14)\n' +
    '    at Object.Module._extensions..js (node:internal/modules/cjs/loader:1252:10)\n' +
    '    at Module.load (node:internal/modules/cjs/loader:1076:32)\n' +
    '    at Function.Module._load (node:internal/modules/cjs/loader:911:12)\n' +
    '    at Module.require (node:internal/modules/cjs/loader:1100:19)\n' +
    '    at require (node:internal/modules/cjs/helpers:119:18)\n' +
    '    at Object.<anonymous> (/Users/mac/Desktop/ahsan/SkillSync-backend/startup/routes.js:5:15)',
  exception: true,
  date: 'Mon Dec 11 2023 00:01:35 GMT+0500 (Pakistan Standard Time)',
  process: {
    pid: 13033,
    uid: 501,
    gid: 20,
    cwd: '/Users/mac/Desktop/ahsan/SkillSync-backend',
    execPath: '/Users/mac/.nvm/versions/node/v16.20.2/bin/node',
    version: 'v16.20.2',
    argv: [
      '/Users/mac/.nvm/versions/node/v16.20.2/bin/node',
      '/Users/mac/Desktop/ahsan/SkillSync-backend/index.js'
    ],
    memoryUsage: {
      rss: 75161600,
      heapTotal: 57483264,
      heapUsed: 31164224,
      external: 25287200,
      arrayBuffers: 18910076
    }
  },
  os: {
    loadavg: [ 6.57470703125, 4.77587890625, 4.38916015625 ],
    uptime: 42705
  },
  trace: [
    {
      column: 18,
      file: 'node:vm',
      function: 'Object.compileFunction',
      line: 360,
      method: 'compileFunction',
      native: false
    },
    {
      column: 15,
      file: 'node:internal/modules/cjs/loader',
      function: 'wrapSafe',
      line: 1126,
      method: null,
      native: false
    },
    {
      column: 27,
      file: 'node:internal/modules/cjs/loader',
      function: 'Module._compile',
      line: 1162,
      method: '_compile',
      native: false
    },
    {
      column: 10,
      file: 'node:internal/modules/cjs/loader',
      function: 'Module._extensions..js',
      line: 1252,
      method: '.js',
      native: false
    },
    {
      column: 32,
      file: 'node:internal/modules/cjs/loader',
      function: 'Module.load',
      line: 1076,
      method: 'load',
      native: false
    },
    {
      column: 12,
      file: 'node:internal/modules/cjs/loader',
      function: 'Module._load',
      line: 911,
      method: '_load',
      native: false
    },
    {
      column: 19,
      file: 'node:internal/modules/cjs/loader',
      function: 'Module.require',
      line: 1100,
      method: 'require',
      native: false
    },
    {
      column: 18,
      file: 'node:internal/modules/cjs/helpers',
      function: 'require',
      line: 119,
      method: null,
      native: false
    },
    {
      column: 34,
      file: '/Users/mac/Desktop/ahsan/SkillSync-backend/routes/api/userRoutes.js',
      function: null,
      line: 11,
      method: null,
      native: false
    },
    {
      column: 14,
      file: 'node:internal/modules/cjs/loader',
      function: 'Module._compile',
      line: 1198,
      method: '_compile',
      native: false
    },
    {
      column: 10,
      file: 'node:internal/modules/cjs/loader',
      function: 'Module._extensions..js',
      line: 1252,
      method: '.js',
      native: false
    },
    {
      column: 32,
      file: 'node:internal/modules/cjs/loader',
      function: 'Module.load',
      line: 1076,
      method: 'load',
      native: false
    },
    {
      column: 12,
      file: 'node:internal/modules/cjs/loader',
      function: 'Module._load',
      line: 911,
      method: '_load',
      native: false
    },
    {
      column: 19,
      file: 'node:internal/modules/cjs/loader',
      function: 'Module.require',
      line: 1100,
      method: 'require',
      native: false
    },
    {
      column: 18,
      file: 'node:internal/modules/cjs/helpers',
      function: 'require',
      line: 119,
      method: null,
      native: false
    },
    {
      column: 15,
      file: '/Users/mac/Desktop/ahsan/SkillSync-backend/startup/routes.js',
      function: null,
      line: 5,
      method: null,
      native: false
    }
  ]
}
{
  error: /Users/mac/Desktop/ahsan/SkillSync-backend/service/templates/nodeMailerTransporter.js:2
  export const registrationTemplate = async (userData) => {
  ^^^^^^
  
  SyntaxError: Unexpected token 'export'
      at Object.compileFunction (node:vm:360:18)
      at wrapSafe (node:internal/modules/cjs/loader:1126:15)
      at Module._compile (node:internal/modules/cjs/loader:1162:27)
      at Object.Module._extensions..js (node:internal/modules/cjs/loader:1252:10)
      at Module.load (node:internal/modules/cjs/loader:1076:32)
      at Function.Module._load (node:internal/modules/cjs/loader:911:12)
      at Module.require (node:internal/modules/cjs/loader:1100:19)
      at require (node:internal/modules/cjs/helpers:119:18)
      at Object.<anonymous> (/Users/mac/Desktop/ahsan/SkillSync-backend/routes/api/userRoutes.js:11:34)
      at Module._compile (node:internal/modules/cjs/loader:1198:14)
      at Object.Module._extensions..js (node:internal/modules/cjs/loader:1252:10)
      at Module.load (node:internal/modules/cjs/loader:1076:32)
      at Function.Module._load (node:internal/modules/cjs/loader:911:12)
      at Module.require (node:internal/modules/cjs/loader:1100:19)
      at require (node:internal/modules/cjs/helpers:119:18)
      at Object.<anonymous> (/Users/mac/Desktop/ahsan/SkillSync-backend/startup/routes.js:5:15),
  level: 'error',
  message: "uncaughtException: Unexpected token 'export'\n" +
    '/Users/mac/Desktop/ahsan/SkillSync-backend/service/templates/nodeMailerTransporter.js:2\n' +
    'export const registrationTemplate = async (userData) => {\n' +
    '^^^^^^\n' +
    '\n' +
    "SyntaxError: Unexpected token 'export'\n" +
    '    at Object.compileFunction (node:vm:360:18)\n' +
    '    at wrapSafe (node:internal/modules/cjs/loader:1126:15)\n' +
    '    at Module._compile (node:internal/modules/cjs/loader:1162:27)\n' +
    '    at Object.Module._extensions..js (node:internal/modules/cjs/loader:1252:10)\n' +
    '    at Module.load (node:internal/modules/cjs/loader:1076:32)\n' +
    '    at Function.Module._load (node:internal/modules/cjs/loader:911:12)\n' +
    '    at Module.require (node:internal/modules/cjs/loader:1100:19)\n' +
    '    at require (node:internal/modules/cjs/helpers:119:18)\n' +
    '    at Object.<anonymous> (/Users/mac/Desktop/ahsan/SkillSync-backend/routes/api/userRoutes.js:11:34)\n' +
    '    at Module._compile (node:internal/modules/cjs/loader:1198:14)\n' +
    '    at Object.Module._extensions..js (node:internal/modules/cjs/loader:1252:10)\n' +
    '    at Module.load (node:internal/modules/cjs/loader:1076:32)\n' +
    '    at Function.Module._load (node:internal/modules/cjs/loader:911:12)\n' +
    '    at Module.require (node:internal/modules/cjs/loader:1100:19)\n' +
    '    at require (node:internal/modules/cjs/helpers:119:18)\n' +
    '    at Object.<anonymous> (/Users/mac/Desktop/ahsan/SkillSync-backend/startup/routes.js:5:15)',
  stack: '/Users/mac/Desktop/ahsan/SkillSync-backend/service/templates/nodeMailerTransporter.js:2\n' +
    'export const registrationTemplate = async (userData) => {\n' +
    '^^^^^^\n' +
    '\n' +
    "SyntaxError: Unexpected token 'export'\n" +
    '    at Object.compileFunction (node:vm:360:18)\n' +
    '    at wrapSafe (node:internal/modules/cjs/loader:1126:15)\n' +
    '    at Module._compile (node:internal/modules/cjs/loader:1162:27)\n' +
    '    at Object.Module._extensions..js (node:internal/modules/cjs/loader:1252:10)\n' +
    '    at Module.load (node:internal/modules/cjs/loader:1076:32)\n' +
    '    at Function.Module._load (node:internal/modules/cjs/loader:911:12)\n' +
    '    at Module.require (node:internal/modules/cjs/loader:1100:19)\n' +
    '    at require (node:internal/modules/cjs/helpers:119:18)\n' +
    '    at Object.<anonymous> (/Users/mac/Desktop/ahsan/SkillSync-backend/routes/api/userRoutes.js:11:34)\n' +
    '    at Module._compile (node:internal/modules/cjs/loader:1198:14)\n' +
    '    at Object.Module._extensions..js (node:internal/modules/cjs/loader:1252:10)\n' +
    '    at Module.load (node:internal/modules/cjs/loader:1076:32)\n' +
    '    at Function.Module._load (node:internal/modules/cjs/loader:911:12)\n' +
    '    at Module.require (node:internal/modules/cjs/loader:1100:19)\n' +
    '    at require (node:internal/modules/cjs/helpers:119:18)\n' +
    '    at Object.<anonymous> (/Users/mac/Desktop/ahsan/SkillSync-backend/startup/routes.js:5:15)',
  exception: true,
  date: 'Mon Dec 11 2023 00:02:12 GMT+0500 (Pakistan Standard Time)',
  process: {
    pid: 13065,
    uid: 501,
    gid: 20,
    cwd: '/Users/mac/Desktop/ahsan/SkillSync-backend',
    execPath: '/Users/mac/.nvm/versions/node/v16.20.2/bin/node',
    version: 'v16.20.2',
    argv: [
      '/Users/mac/.nvm/versions/node/v16.20.2/bin/node',
      '/Users/mac/Desktop/ahsan/SkillSync-backend/index.js'
    ],
    memoryUsage: {
      rss: 75440128,
      heapTotal: 57483264,
      heapUsed: 31209328,
      external: 25287200,
      arrayBuffers: 18910076
    }
  },
  os: {
    loadavg: [ 5.4638671875, 4.68994140625, 4.3720703125 ],
    uptime: 42742
  },
  trace: [
    {
      column: 18,
      file: 'node:vm',
      function: 'Object.compileFunction',
      line: 360,
      method: 'compileFunction',
      native: false
    },
    {
      column: 15,
      file: 'node:internal/modules/cjs/loader',
      function: 'wrapSafe',
      line: 1126,
      method: null,
      native: false
    },
    {
      column: 27,
      file: 'node:internal/modules/cjs/loader',
      function: 'Module._compile',
      line: 1162,
      method: '_compile',
      native: false
    },
    {
      column: 10,
      file: 'node:internal/modules/cjs/loader',
      function: 'Module._extensions..js',
      line: 1252,
      method: '.js',
      native: false
    },
    {
      column: 32,
      file: 'node:internal/modules/cjs/loader',
      function: 'Module.load',
      line: 1076,
      method: 'load',
      native: false
    },
    {
      column: 12,
      file: 'node:internal/modules/cjs/loader',
      function: 'Module._load',
      line: 911,
      method: '_load',
      native: false
    },
    {
      column: 19,
      file: 'node:internal/modules/cjs/loader',
      function: 'Module.require',
      line: 1100,
      method: 'require',
      native: false
    },
    {
      column: 18,
      file: 'node:internal/modules/cjs/helpers',
      function: 'require',
      line: 119,
      method: null,
      native: false
    },
    {
      column: 34,
      file: '/Users/mac/Desktop/ahsan/SkillSync-backend/routes/api/userRoutes.js',
      function: null,
      line: 11,
      method: null,
      native: false
    },
    {
      column: 14,
      file: 'node:internal/modules/cjs/loader',
      function: 'Module._compile',
      line: 1198,
      method: '_compile',
      native: false
    },
    {
      column: 10,
      file: 'node:internal/modules/cjs/loader',
      function: 'Module._extensions..js',
      line: 1252,
      method: '.js',
      native: false
    },
    {
      column: 32,
      file: 'node:internal/modules/cjs/loader',
      function: 'Module.load',
      line: 1076,
      method: 'load',
      native: false
    },
    {
      column: 12,
      file: 'node:internal/modules/cjs/loader',
      function: 'Module._load',
      line: 911,
      method: '_load',
      native: false
    },
    {
      column: 19,
      file: 'node:internal/modules/cjs/loader',
      function: 'Module.require',
      line: 1100,
      method: 'require',
      native: false
    },
    {
      column: 18,
      file: 'node:internal/modules/cjs/helpers',
      function: 'require',
      line: 119,
      method: null,
      native: false
    },
    {
      column: 15,
      file: '/Users/mac/Desktop/ahsan/SkillSync-backend/startup/routes.js',
      function: null,
      line: 5,
      method: null,
      native: false
    }
  ]
}
